{"level":"info","message":"Received SIGTERM. Shutting down gracefully...","service":"user-service","timestamp":"2026-03-23T03:42:00.029Z"}
{"level":"info","message":"HTTP server closed.","service":"user-service","timestamp":"2026-03-23T03:42:00.049Z"}
{"level":"info","message":"Database connection closed.","service":"user-service","timestamp":"2026-03-23T03:42:00.050Z"}
{"level":"info","message":"Redis connection closed.","service":"user-service","timestamp":"2026-03-23T03:42:00.051Z"}
{"level":"info","message":"Graceful shutdown fully completed.","service":"user-service","timestamp":"2026-03-23T03:42:00.052Z"}
{"level":"info","message":"Received SIGINT. Shutting down gracefully...","service":"user-service","timestamp":"2026-03-23T03:42:00.079Z"}
{"level":"info","message":"HTTP server closed.","service":"user-service","timestamp":"2026-03-23T03:42:00.080Z"}
{"level":"info","message":"Database connection closed.","service":"user-service","timestamp":"2026-03-23T03:42:00.081Z"}
{"level":"info","message":"Redis connection closed.","service":"user-service","timestamp":"2026-03-23T03:42:00.082Z"}
{"level":"info","message":"Graceful shutdown fully completed.","service":"user-service","timestamp":"2026-03-23T03:42:00.083Z"}
{"level":"info","message":"Received SIGTERM. Shutting down gracefully...","service":"user-service","timestamp":"2026-03-23T03:42:00.087Z"}
{"level":"info","message":"HTTP server closed.","service":"user-service","timestamp":"2026-03-23T03:42:00.090Z"}
{"level":"error","message":"Error during shutdown: Shutdown Error","service":"user-service","stack":"Error: Shutdown Error\n    at Object.<anonymous> (D:\\Code\\nodejs-service\\tests\\unit\\utils\\gracefulShutdown.spec.ts:91:62)\n    at Promise.then.completed (D:\\Code\\nodejs-service\\node_modules\\jest-circus\\build\\utils.js:298:28)\n    at new Promise (<anonymous>)\n    at callAsyncCircusFn (D:\\Code\\nodejs-service\\node_modules\\jest-circus\\build\\utils.js:231:10)\n    at _callCircusTest (D:\\Code\\nodejs-service\\node_modules\\jest-circus\\build\\run.js:316:40)\n    at _runTest (D:\\Code\\nodejs-service\\node_modules\\jest-circus\\build\\run.js:252:3)\n    at _runTestsForDescribeBlock (D:\\Code\\nodejs-service\\node_modules\\jest-circus\\build\\run.js:126:9)\n    at _runTestsForDescribeBlock (D:\\Code\\nodejs-service\\node_modules\\jest-circus\\build\\run.js:121:9)\n    at run (D:\\Code\\nodejs-service\\node_modules\\jest-circus\\build\\run.js:71:3)\n    at runAndTransformResultsToJestFormat (D:\\Code\\nodejs-service\\node_modules\\jest-circus\\build\\legacy-code-todo-rewrite\\jestAdapterInit.js:122:21)\n    at jestAdapter (D:\\Code\\nodejs-service\\node_modules\\jest-circus\\build\\legacy-code-todo-rewrite\\jestAdapter.js:79:19)\n    at runTestInternal (D:\\Code\\nodejs-service\\node_modules\\jest-runner\\build\\runTest.js:367:16)\n    at runTest (D:\\Code\\nodejs-service\\node_modules\\jest-runner\\build\\runTest.js:444:34)\n    at Object.worker (D:\\Code\\nodejs-service\\node_modules\\jest-runner\\build\\testWorker.js:106:12)","timestamp":"2026-03-23T03:42:00.116Z"}
{"level":"info","message":"Received SIGTERM. Shutting down gracefully...","service":"user-service","timestamp":"2026-03-23T03:42:00.119Z"}
{"level":"error","message":"Could not close connections in time, forcefully shutting down","service":"user-service","timestamp":"2026-03-23T03:42:00.121Z"}
{"level":"error","message":"Could not close connections in time, forcefully shutting down","service":"user-service","timestamp":"2026-03-23T03:42:00.126Z"}
{"level":"error","message":"Could not close connections in time, forcefully shutting down","service":"user-service","timestamp":"2026-03-23T03:42:00.127Z"}
{"level":"error","message":"Could not close connections in time, forcefully shutting down","service":"user-service","timestamp":"2026-03-23T03:42:00.129Z"}
{"level":"info","message":"HTTP server closed.","service":"user-service","timestamp":"2026-03-23T03:42:00.131Z"}
{"level":"info","message":"Database connection closed.","service":"user-service","timestamp":"2026-03-23T03:42:00.131Z"}
{"level":"info","message":"Redis connection closed.","service":"user-service","timestamp":"2026-03-23T03:42:00.132Z"}
{"level":"info","message":"Graceful shutdown fully completed.","service":"user-service","timestamp":"2026-03-23T03:42:00.133Z"}
{"level":"info","message":"Health Check","service":"user-service","timestamp":"2026-03-23T03:42:01.181Z"}
{"level":"info","message":"Health Check","service":"user-service","timestamp":"2026-03-23T03:42:01.216Z"}
{"level":"error","message":"Health Check Database Ping Failed: DB Error","service":"user-service","stack":"Error: DB Error\n    at Object.<anonymous> (D:\\Code\\nodejs-service\\tests\\unit\\routes\\healthRoute.spec.ts:33:69)\n    at Promise.then.completed (D:\\Code\\nodejs-service\\node_modules\\jest-circus\\build\\utils.js:298:28)\n    at new Promise (<anonymous>)\n    at callAsyncCircusFn (D:\\Code\\nodejs-service\\node_modules\\jest-circus\\build\\utils.js:231:10)\n    at _callCircusTest (D:\\Code\\nodejs-service\\node_modules\\jest-circus\\build\\run.js:316:40)\n    at processTicksAndRejections (node:internal/process/task_queues:103:5)\n    at _runTest (D:\\Code\\nodejs-service\\node_modules\\jest-circus\\build\\run.js:252:3)\n    at _runTestsForDescribeBlock (D:\\Code\\nodejs-service\\node_modules\\jest-circus\\build\\run.js:126:9)\n    at _runTestsForDescribeBlock (D:\\Code\\nodejs-service\\node_modules\\jest-circus\\build\\run.js:121:9)\n    at run (D:\\Code\\nodejs-service\\node_modules\\jest-circus\\build\\run.js:71:3)\n    at runAndTransformResultsToJestFormat (D:\\Code\\nodejs-service\\node_modules\\jest-circus\\build\\legacy-code-todo-rewrite\\jestAdapterInit.js:122:21)\n    at jestAdapter (D:\\Code\\nodejs-service\\node_modules\\jest-circus\\build\\legacy-code-todo-rewrite\\jestAdapter.js:79:19)\n    at runTestInternal (D:\\Code\\nodejs-service\\node_modules\\jest-runner\\build\\runTest.js:367:16)\n    at runTest (D:\\Code\\nodejs-service\\node_modules\\jest-runner\\build\\runTest.js:444:34)\n    at Object.worker (D:\\Code\\nodejs-service\\node_modules\\jest-runner\\build\\testWorker.js:106:12)","timestamp":"2026-03-23T03:42:01.226Z"}
